INFO:root:episode :     1	steps :          0	accum_reward :       0	epsilon : 1.000
INFO:root:episode :     2	steps :        708	accum_reward :    1393	epsilon : 0.994
INFO:root:episode :     3	steps :       2633	accum_reward :    3134	epsilon : 0.977
INFO:root:episode :     4	steps :       3088	accum_reward :    4681	epsilon : 0.973
INFO:root:episode :     5	steps :       3374	accum_reward :    5683	epsilon : 0.970
INFO:root:episode :     6	steps :       4404	accum_reward :    7385	epsilon : 0.961
INFO:root:episode :     7	steps :       6667	accum_reward :    9009	epsilon : 0.942
INFO:root:episode :     8	steps :       8562	accum_reward :   10771	epsilon : 0.926
INFO:root:episode :     9	steps :       8686	accum_reward :   11465	epsilon : 0.925
INFO:root:episode :    10	steps :      11137	accum_reward :   13600	epsilon : 0.905
INFO:root:episode :    11	steps :      12140	accum_reward :   15746	epsilon : 0.897
INFO:root:episode :    12	steps :      12726	accum_reward :   17960	epsilon : 0.892
INFO:root:episode :    13	steps :      13664	accum_reward :   20174	epsilon : 0.885
INFO:root:episode :    14	steps :      14304	accum_reward :   22647	epsilon : 0.880
INFO:root:episode :    15	steps :      14537	accum_reward :   23731	epsilon : 0.878
INFO:root:episode :    16	steps :      14794	accum_reward :   25228	epsilon : 0.876
INFO:root:episode :    17	steps :      15027	accum_reward :   26277	epsilon : 0.874
INFO:root:episode :    18	steps :      15673	accum_reward :   28376	epsilon : 0.869
INFO:root:episode :    19	steps :      16316	accum_reward :   30294	epsilon : 0.865
INFO:root:episode :    20	steps :      16641	accum_reward :   31732	epsilon : 0.862
INFO:root:episode :    21	steps :      17503	accum_reward :   33733	epsilon : 0.855
INFO:root:episode :    22	steps :      18351	accum_reward :   35799	epsilon : 0.849
INFO:root:episode :    23	steps :      19095	accum_reward :   38162	epsilon : 0.844
INFO:root:episode :    24	steps :      19681	accum_reward :   39990	epsilon : 0.839
INFO:root:episode :    25	steps :      20066	accum_reward :   41356	epsilon : 0.836
INFO:root:episode :    26	steps :      20681	accum_reward :   42915	epsilon : 0.832
INFO:root:episode :    27	steps :      21349	accum_reward :   44745	epsilon : 0.827
INFO:root:episode :    28	steps :      22097	accum_reward :   46223	epsilon : 0.822
INFO:root:episode :    29	steps :      22509	accum_reward :   48207	epsilon : 0.819
INFO:root:episode :    30	steps :      22826	accum_reward :   49668	epsilon : 0.816
INFO:root:episode :    31	steps :      23052	accum_reward :   50730	epsilon : 0.815
INFO:root:episode :    32	steps :      23208	accum_reward :   51796	epsilon : 0.814
INFO:root:episode :    33	steps :      23994	accum_reward :   53535	epsilon : 0.808
INFO:root:episode :    34	steps :      24793	accum_reward :   55940	epsilon : 0.802
INFO:root:episode :    35	steps :      25187	accum_reward :   57071	epsilon : 0.800
INFO:root:episode :    36	steps :      25400	accum_reward :   58491	epsilon : 0.798
INFO:root:episode :    37	steps :      25803	accum_reward :   60316	epsilon : 0.795
INFO:root:episode :    38	steps :      26110	accum_reward :   61744	epsilon : 0.793
INFO:root:episode :    39	steps :      27047	accum_reward :   65146	epsilon : 0.787
INFO:root:episode :    40	steps :      27855	accum_reward :   67735	epsilon : 0.781
INFO:root:episode :    41	steps :      28405	accum_reward :   69541	epsilon : 0.777
INFO:root:episode :    42	steps :      28853	accum_reward :   71023	epsilon : 0.774
INFO:root:episode :    43	steps :      29543	accum_reward :   72426	epsilon : 0.770
INFO:root:episode :    44	steps :      30064	accum_reward :   73982	epsilon : 0.766
INFO:root:episode :    45	steps :      30784	accum_reward :   76181	epsilon : 0.762
INFO:root:episode :    46	steps :      31649	accum_reward :   78411	epsilon : 0.756
INFO:root:episode :    47	steps :      31980	accum_reward :   79893	epsilon : 0.754
INFO:root:episode :    48	steps :      32745	accum_reward :   81876	epsilon : 0.749
INFO:root:episode :    49	steps :      33816	accum_reward :   84332	epsilon : 0.742
INFO:root:episode :    50	steps :      34457	accum_reward :   86488	epsilon : 0.738
INFO:root:episode :    51	steps :      34880	accum_reward :   88348	epsilon : 0.735
INFO:root:episode :    52	steps :      35593	accum_reward :   90639	epsilon : 0.730
INFO:root:episode :    53	steps :      35877	accum_reward :   92071	epsilon : 0.729
INFO:root:episode :    54	steps :      36314	accum_reward :   94037	epsilon : 0.726
INFO:root:episode :    55	steps :      36625	accum_reward :   95939	epsilon : 0.724
INFO:root:episode :    56	steps :      37316	accum_reward :   97852	epsilon : 0.720
INFO:root:episode :    57	steps :      37799	accum_reward :   99611	epsilon : 0.717
INFO:root:episode :    58	steps :      38070	accum_reward :  101500	epsilon : 0.715
INFO:root:episode :    59	steps :      38627	accum_reward :  103313	epsilon : 0.712
INFO:root:episode :    60	steps :      38900	accum_reward :  104748	epsilon : 0.710
INFO:root:episode :    61	steps :      39362	accum_reward :  106414	epsilon : 0.707
INFO:root:episode :    62	steps :      40317	accum_reward :  108993	epsilon : 0.701
INFO:root:episode :    63	steps :      40543	accum_reward :  110029	epsilon : 0.700
INFO:root:episode :    64	steps :      41111	accum_reward :  112393	epsilon : 0.697
INFO:root:episode :    65	steps :      42135	accum_reward :  114646	epsilon : 0.691
INFO:root:episode :    66	steps :      42682	accum_reward :  116693	epsilon : 0.687
INFO:root:episode :    67	steps :      42881	accum_reward :  117752	epsilon : 0.686
INFO:root:episode :    68	steps :      43243	accum_reward :  119275	epsilon : 0.684
INFO:root:episode :    69	steps :      43602	accum_reward :  121241	epsilon : 0.682
INFO:root:episode :    70	steps :      44252	accum_reward :  123705	epsilon : 0.678
INFO:root:episode :    71	steps :      44537	accum_reward :  125565	epsilon : 0.677
INFO:root:episode :    72	steps :      44843	accum_reward :  127042	epsilon : 0.675
INFO:root:episode :    73	steps :      45132	accum_reward :  128917	epsilon : 0.673
INFO:root:episode :    74	steps :      45506	accum_reward :  131047	epsilon : 0.671
INFO:root:episode :    75	steps :      46120	accum_reward :  132939	epsilon : 0.667
INFO:root:episode :    76	steps :      46683	accum_reward :  134487	epsilon : 0.664
INFO:root:episode :    77	steps :      47112	accum_reward :  136564	epsilon : 0.662
INFO:root:episode :    78	steps :      47581	accum_reward :  138903	epsilon : 0.659
INFO:root:episode :    79	steps :      47825	accum_reward :  140129	epsilon : 0.658
INFO:root:episode :    80	steps :      48274	accum_reward :  141954	epsilon : 0.655
INFO:root:episode :    81	steps :      48936	accum_reward :  144161	epsilon : 0.652
INFO:root:episode :    82	steps :      49550	accum_reward :  146058	epsilon : 0.648
INFO:root:episode :    83	steps :      50080	accum_reward :  148253	epsilon : 0.645
INFO:root:episode :    84	steps :      50423	accum_reward :  149898	epsilon : 0.644
INFO:root:episode :    85	steps :      50873	accum_reward :  151752	epsilon : 0.641
INFO:root:episode :    86	steps :      51321	accum_reward :  153671	epsilon : 0.639
INFO:root:episode :    87	steps :      51638	accum_reward :  155093	epsilon : 0.637
INFO:root:episode :    88	steps :      51902	accum_reward :  156905	epsilon : 0.636
INFO:root:episode :    89	steps :      52414	accum_reward :  159173	epsilon : 0.633
INFO:root:episode :    90	steps :      52961	accum_reward :  161017	epsilon : 0.630
INFO:root:episode :    91	steps :      53277	accum_reward :  162524	epsilon : 0.628
INFO:root:episode :    92	steps :      53516	accum_reward :  163622	epsilon : 0.627
INFO:root:episode :    93	steps :      54054	accum_reward :  166036	epsilon : 0.624
INFO:root:episode :    94	steps :      54417	accum_reward :  167835	epsilon : 0.622
INFO:root:episode :    95	steps :      54817	accum_reward :  170191	epsilon : 0.620
