INFO:root:episode :     1	steps :          0	accum_reward :       0	epsilon : 1.000
INFO:root:episode :     2	steps :        484	accum_reward :    1961	epsilon : 0.996
INFO:root:episode :     3	steps :       2444	accum_reward :    3988	epsilon : 0.978
INFO:root:episode :     4	steps :       2912	accum_reward :    5785	epsilon : 0.974
INFO:root:episode :     5	steps :       4104	accum_reward :    7601	epsilon : 0.964
INFO:root:episode :     6	steps :       5618	accum_reward :   10177	epsilon : 0.951
INFO:root:episode :     7	steps :       5745	accum_reward :   10831	epsilon : 0.950
INFO:root:episode :     8	steps :       6160	accum_reward :   12028	epsilon : 0.946
INFO:root:episode :     9	steps :       6421	accum_reward :   13075	epsilon : 0.944
INFO:root:episode :    10	steps :       7004	accum_reward :   14714	epsilon : 0.939
INFO:root:episode :    11	steps :       7855	accum_reward :   17087	epsilon : 0.932
INFO:root:episode :    12	steps :       9641	accum_reward :   19696	epsilon : 0.917
INFO:root:episode :    13	steps :       9998	accum_reward :   21293	epsilon : 0.914
INFO:root:episode :    14	steps :      10899	accum_reward :   23287	epsilon : 0.907
INFO:root:episode :    15	steps :      12765	accum_reward :   25706	epsilon : 0.892
INFO:root:episode :    16	steps :      16791	accum_reward :   28165	epsilon : 0.861
INFO:root:episode :    17	steps :      19404	accum_reward :   30219	epsilon : 0.841
INFO:root:episode :    18	steps :      20242	accum_reward :   32096	epsilon : 0.835
INFO:root:episode :    19	steps :      20632	accum_reward :   33239	epsilon : 0.832
INFO:root:episode :    20	steps :      21736	accum_reward :   34640	epsilon : 0.824
INFO:root:episode :    21	steps :      22245	accum_reward :   36885	epsilon : 0.820
INFO:root:episode :    22	steps :      23020	accum_reward :   38243	epsilon : 0.815
INFO:root:episode :    23	steps :      23821	accum_reward :   39973	epsilon : 0.809
INFO:root:episode :    24	steps :      24437	accum_reward :   41515	epsilon : 0.805
INFO:root:episode :    25	steps :      25418	accum_reward :   42894	epsilon : 0.798
INFO:root:episode :    26	steps :      25825	accum_reward :   44344	epsilon : 0.795
INFO:root:episode :    27	steps :      26050	accum_reward :   45382	epsilon : 0.794
INFO:root:episode :    28	steps :      26346	accum_reward :   46564	epsilon : 0.792
INFO:root:episode :    29	steps :      26700	accum_reward :   48370	epsilon : 0.789
INFO:root:episode :    30	steps :      27182	accum_reward :   50107	epsilon : 0.786
INFO:root:episode :    31	steps :      27938	accum_reward :   52965	epsilon : 0.781
INFO:root:episode :    32	steps :      28216	accum_reward :   54046	epsilon : 0.779
INFO:root:episode :    33	steps :      29006	accum_reward :   55907	epsilon : 0.773
INFO:root:episode :    34	steps :      29499	accum_reward :   57648	epsilon : 0.770
INFO:root:episode :    35	steps :      30101	accum_reward :   60407	epsilon : 0.766
INFO:root:episode :    36	steps :      31313	accum_reward :   62516	epsilon : 0.758
INFO:root:episode :    37	steps :      32830	accum_reward :   65621	epsilon : 0.748
INFO:root:episode :    38	steps :      33136	accum_reward :   67076	epsilon : 0.746
INFO:root:episode :    39	steps :      33387	accum_reward :   68522	epsilon : 0.745
INFO:root:episode :    40	steps :      34012	accum_reward :   70501	epsilon : 0.741
INFO:root:episode :    41	steps :      34485	accum_reward :   72821	epsilon : 0.737
INFO:root:episode :    42	steps :      35233	accum_reward :   74182	epsilon : 0.733
INFO:root:episode :    43	steps :      35599	accum_reward :   75923	epsilon : 0.730
INFO:root:episode :    44	steps :      36105	accum_reward :   77459	epsilon : 0.727
INFO:root:episode :    45	steps :      36483	accum_reward :   79299	epsilon : 0.725
INFO:root:episode :    46	steps :      37179	accum_reward :   81648	epsilon : 0.721
INFO:root:episode :    47	steps :      37449	accum_reward :   83097	epsilon : 0.719
INFO:root:episode :    48	steps :      37944	accum_reward :   84628	epsilon : 0.716
INFO:root:episode :    49	steps :      38302	accum_reward :   86601	epsilon : 0.714
INFO:root:episode :    50	steps :      38691	accum_reward :   88182	epsilon : 0.711
INFO:root:episode :    51	steps :      39272	accum_reward :   90108	epsilon : 0.708
INFO:root:episode :    52	steps :      39875	accum_reward :   91511	epsilon : 0.704
INFO:root:episode :    53	steps :      40372	accum_reward :   93050	epsilon : 0.701
INFO:root:episode :    54	steps :      41067	accum_reward :   94561	epsilon : 0.697
INFO:root:episode :    55	steps :      42246	accum_reward :   96690	epsilon : 0.690
INFO:root:episode :    56	steps :      43594	accum_reward :   99921	epsilon : 0.682
INFO:root:episode :    57	steps :      44125	accum_reward :  101975	epsilon : 0.679
INFO:root:episode :    58	steps :      44502	accum_reward :  103548	epsilon : 0.677
INFO:root:episode :    59	steps :      45391	accum_reward :  107570	epsilon : 0.672
INFO:root:episode :    60	steps :      45840	accum_reward :  109084	epsilon : 0.669
INFO:root:episode :    61	steps :      47254	accum_reward :  111670	epsilon : 0.661
INFO:root:episode :    62	steps :      47602	accum_reward :  113250	epsilon : 0.659
INFO:root:episode :    63	steps :      47868	accum_reward :  114739	epsilon : 0.658
INFO:root:episode :    64	steps :      48182	accum_reward :  116252	epsilon : 0.656
INFO:root:episode :    65	steps :      48475	accum_reward :  117711	epsilon : 0.654
INFO:root:episode :    66	steps :      49049	accum_reward :  119569	epsilon : 0.651
INFO:root:episode :    67	steps :      49624	accum_reward :  121909	epsilon : 0.648
INFO:root:episode :    68	steps :      49816	accum_reward :  122948	epsilon : 0.647
INFO:root:episode :    69	steps :      50210	accum_reward :  124976	epsilon : 0.645
INFO:root:episode :    70	steps :      50780	accum_reward :  126188	epsilon : 0.642
INFO:root:episode :    71	steps :      51511	accum_reward :  128670	epsilon : 0.638
INFO:root:episode :    72	steps :      52331	accum_reward :  132233	epsilon : 0.633
INFO:root:episode :    73	steps :      52825	accum_reward :  133991	epsilon : 0.631
INFO:root:episode :    74	steps :      53317	accum_reward :  136658	epsilon : 0.628
INFO:root:episode :    75	steps :      53711	accum_reward :  138485	epsilon : 0.626
INFO:root:episode :    76	steps :      53931	accum_reward :  139737	epsilon : 0.625
INFO:root:episode :    77	steps :      54353	accum_reward :  141997	epsilon : 0.623
INFO:root:episode :    78	steps :      55017	accum_reward :  144054	epsilon : 0.619
INFO:root:episode :    79	steps :      55576	accum_reward :  145789	epsilon : 0.616
INFO:root:episode :    80	steps :      55750	accum_reward :  146859	epsilon : 0.615
INFO:root:episode :    81	steps :      56117	accum_reward :  148418	epsilon : 0.613
INFO:root:episode :    82	steps :      56434	accum_reward :  150172	epsilon : 0.612
INFO:root:episode :    83	steps :      57078	accum_reward :  152625	epsilon : 0.609
INFO:root:episode :    84	steps :      57673	accum_reward :  154548	epsilon : 0.606
INFO:root:episode :    85	steps :      57833	accum_reward :  155629	epsilon : 0.605
INFO:root:episode :    86	steps :      58351	accum_reward :  157871	epsilon : 0.602
INFO:root:episode :    87	steps :      58660	accum_reward :  159429	epsilon : 0.601
INFO:root:episode :    88	steps :      59009	accum_reward :  161015	epsilon : 0.599
INFO:root:episode :    89	steps :      59546	accum_reward :  163205	epsilon : 0.596
INFO:root:episode :    90	steps :      60429	accum_reward :  164951	epsilon : 0.592
INFO:root:episode :    91	steps :      60873	accum_reward :  167064	epsilon : 0.590
INFO:root:episode :    92	steps :      61312	accum_reward :  168787	epsilon : 0.587
INFO:root:episode :    93	steps :      61565	accum_reward :  170239	epsilon : 0.586
INFO:root:episode :    94	steps :      61684	accum_reward :  170933	epsilon : 0.586
INFO:root:episode :    95	steps :      62165	accum_reward :  173139	epsilon : 0.583
INFO:root:episode :    96	steps :      62641	accum_reward :  175274	epsilon : 0.581
INFO:root:episode :    97	steps :      62983	accum_reward :  176847	epsilon : 0.579
INFO:root:episode :    98	steps :      63499	accum_reward :  179068	epsilon : 0.577
INFO:root:episode :    99	steps :      63825	accum_reward :  180642	epsilon : 0.575
INFO:root:episode :   100	steps :      64051	accum_reward :  182117	epsilon : 0.574
